g:\repogitory_jp\nobu6_tool_ls11_archiever\ls11archiever\ls11archiever\release\vc120.pdb
g:\repogitory_jp\nobu6_tool_ls11_archiever\ls11archiever\ls11archiever\release\ls11_splitdata.obj
g:\repogitory_jp\nobu6_tool_ls11_archiever\ls11archiever\ls11archiever\release\ls11_outfiledata.obj
g:\repogitory_jp\nobu6_tool_ls11_archiever\ls11archiever\ls11archiever\release\ls11_joindata.obj
g:\repogitory_jp\nobu6_tool_ls11_archiever\ls11archiever\ls11archiever\release\ls11_getfiledata.obj
g:\repogitory_jp\nobu6_tool_ls11_archiever\ls11archiever\ls11archiever\release\ls11_encodepack.obj
g:\repogitory_jp\nobu6_tool_ls11_archiever\ls11archiever\ls11archiever\release\ls11_encode.obj
g:\repogitory_jp\nobu6_tool_ls11_archiever\ls11archiever\ls11archiever\release\ls11_decodepack.obj
g:\repogitory_jp\nobu6_tool_ls11_archiever\ls11archiever\ls11archiever\release\ls11_decode.obj
g:\repogitory_jp\nobu6_tool_ls11_archiever\ls11archiever\ls11archiever\release\main.obj
g:\repogitory_jp\nobu6_tool_ls11_archiever\ls11archiever\ls11archiever\release\ls11dotnet.obj
g:\repogitory_jp\nobu6_tool_ls11_archiever\ls11archiever\ls11archiever\release\.netframework,version=v4.0.assemblyattributes.obj
g:\repogitory_jp\nobu6_tool_ls11_archiever\ls11archiever\release\ls11archiever.exe
g:\repogitory_jp\nobu6_tool_ls11_archiever\ls11archiever\ls11archiever\release\ls11archiever.ls11archieverres.resources
g:\repogitory_jp\nobu6_tool_ls11_archiever\ls11archiever\ls11archiever\release\ls11archiever.res
g:\repogitory_jp\nobu6_tool_ls11_archiever\ls11archiever\ls11archiever\release\ls11archiever.vcxproj.assemblyreference.cache
g:\repogitory_jp\nobu6_tool_ls11_archiever\ls11archiever\ls11archiever\release\ls11archiever.vcxproj.generateresource.cache
g:\repogitory_jp\nobu6_tool_ls11_archiever\ls11archiever\ls11archiever\release\ls11archiever.tlog\cl.command.1.tlog
g:\repogitory_jp\nobu6_tool_ls11_archiever\ls11archiever\ls11archiever\release\ls11archiever.tlog\cl.read.1.tlog
g:\repogitory_jp\nobu6_tool_ls11_archiever\ls11archiever\ls11archiever\release\ls11archiever.tlog\cl.write.1.tlog
g:\repogitory_jp\nobu6_tool_ls11_archiever\ls11archiever\ls11archiever\release\ls11archiever.tlog\link.command.1.tlog
g:\repogitory_jp\nobu6_tool_ls11_archiever\ls11archiever\ls11archiever\release\ls11archiever.tlog\link.read.1.tlog
g:\repogitory_jp\nobu6_tool_ls11_archiever\ls11archiever\ls11archiever\release\ls11archiever.tlog\link.write.1.tlog
g:\repogitory_jp\nobu6_tool_ls11_archiever\ls11archiever\ls11archiever\release\ls11archiever.tlog\ls11archiever.write.1u.tlog
g:\repogitory_jp\nobu6_tool_ls11_archiever\ls11archiever\ls11archiever\release\ls11archiever.tlog\metagen.read.1.tlog
g:\repogitory_jp\nobu6_tool_ls11_archiever\ls11archiever\ls11archiever\release\ls11archiever.tlog\metagen.write.1.tlog
g:\repogitory_jp\nobu6_tool_ls11_archiever\ls11archiever\ls11archiever\release\ls11archiever.tlog\rc.command.1.tlog
g:\repogitory_jp\nobu6_tool_ls11_archiever\ls11archiever\ls11archiever\release\ls11archiever.tlog\rc.read.1.tlog
g:\repogitory_jp\nobu6_tool_ls11_archiever\ls11archiever\ls11archiever\release\ls11archiever.tlog\rc.write.1.tlog
